2025-09-25 20:53:28 | INFO | {'message': 'I just loved a trick! It was exciting.', 'author': 'Alice', 'timestamp': '2025-09-25 20:53:28', 'category': 'other', 'sentiment': 0.55, 'keyword_mentioned': 'other', 'message_length': 38}
2025-09-25 20:53:33 | INFO | {'message': 'I just shared a trick! It was funny.', 'author': 'Bob', 'timestamp': '2025-09-25 20:53:33', 'category': 'other', 'sentiment': 0.29, 'keyword_mentioned': 'other', 'message_length': 36}
2025-09-25 20:53:38 | INFO | {'message': 'I just saw a trick! It was exciting.', 'author': 'Alice', 'timestamp': '2025-09-25 20:53:38', 'category': 'other', 'sentiment': 0.98, 'keyword_mentioned': 'other', 'message_length': 36}
2025-09-25 20:53:43 | INFO | {'message': 'I just found an app! It was boring.', 'author': 'Alice', 'timestamp': '2025-09-25 20:53:43', 'category': 'other', 'sentiment': 0.09, 'keyword_mentioned': 'other', 'message_length': 35}
2025-09-25 20:53:48 | INFO | {'message': 'I just saw a movie! It was weird.', 'author': 'Charlie', 'timestamp': '2025-09-25 20:53:48', 'category': 'entertainment', 'sentiment': 0.33, 'keyword_mentioned': 'movie', 'message_length': 33}
2025-09-25 20:53:53 | INFO | {'message': 'I just tried a meme! It was boring.', 'author': 'Bob', 'timestamp': '2025-09-25 20:53:53', 'category': 'humor', 'sentiment': 0.9, 'keyword_mentioned': 'meme', 'message_length': 35}
2025-09-25 20:53:58 | INFO | {'message': 'I just shared Python! It was exciting.', 'author': 'Alice', 'timestamp': '2025-09-25 20:53:58', 'category': 'tech', 'sentiment': 0.58, 'keyword_mentioned': 'Python', 'message_length': 38}
2025-09-25 20:54:03 | INFO | {'message': 'I just found JavaScript! It was funny.', 'author': 'Charlie', 'timestamp': '2025-09-25 20:54:03', 'category': 'tech', 'sentiment': 0.19, 'keyword_mentioned': 'JavaScript', 'message_length': 38}
2025-09-25 20:54:08 | INFO | {'message': 'I just found a story! It was boring.', 'author': 'Charlie', 'timestamp': '2025-09-25 20:54:08', 'category': 'other', 'sentiment': 0.09, 'keyword_mentioned': 'other', 'message_length': 36}
2025-09-25 20:54:13 | INFO | {'message': 'I just tried game! It was boring.', 'author': 'Bob', 'timestamp': '2025-09-25 20:54:13', 'category': 'gaming', 'sentiment': 0.07, 'keyword_mentioned': 'game', 'message_length': 33}
2025-09-25 20:54:18 | INFO | {'message': 'I just saw travel! It was boring.', 'author': 'Alice', 'timestamp': '2025-09-25 20:54:18', 'category': 'travel', 'sentiment': 0.63, 'keyword_mentioned': 'travel', 'message_length': 33}
2025-09-25 20:54:23 | INFO | {'message': 'I just loved Python! It was boring.', 'author': 'Alice', 'timestamp': '2025-09-25 20:54:23', 'category': 'tech', 'sentiment': 0.11, 'keyword_mentioned': 'Python', 'message_length': 35}
2025-09-25 20:54:25 | INFO | Logging to file: logs/project_log.log
2025-09-25 20:54:25 | INFO | Log sanitization enabled, personal info removed
2025-09-25 20:54:25 | INFO | Starting Consumer to run continuously.
2025-09-25 20:54:25 | INFO | Things can fail or get interrupted, so use a try block.
2025-09-25 20:54:25 | INFO | Moved .env variables into a utils config module.
2025-09-25 20:54:25 | INFO | STEP 1. Read environment variables using new config functions.
2025-09-25 20:54:25 | INFO | BUZZ_TOPIC: buzzline
2025-09-25 20:54:25 | INFO | KAFKA_BROKER_ADDRESS: 127.0.0.1:9092
2025-09-25 20:54:25 | INFO | BUZZ_CONSUMER_GROUP_ID: buzz_group
2025-09-25 20:54:25 | INFO | MESSAGE_INTERVAL_SECONDS: 5
2025-09-25 20:54:25 | INFO | BASE_DATA_DIR: PROJECT_ROOT/data
2025-09-25 20:54:25 | INFO | SQLITE_PATH: PROJECT_ROOT/data/buzz.sqlite
2025-09-25 20:54:25 | INFO | SUCCESS: Read environment variables.
2025-09-25 20:54:25 | INFO | STEP 2. Delete any prior database file for a fresh start.
2025-09-25 20:54:25 | INFO | SUCCESS: Deleted database file.
2025-09-25 20:54:25 | INFO | STEP 3. Initialize a new database with an empty table.
2025-09-25 20:54:25 | INFO | Calling SQLite init_db() with {db_path=}.
2025-09-25 20:54:25 | INFO | SUCCESS: Got a cursor to execute SQL.
2025-09-25 20:54:25 | INFO | SUCCESS: Database initialized and table ready at PROJECT_ROOT/data/buzz.sqlite.
2025-09-25 20:54:25 | INFO | STEP 4. Begin consuming and storing messages.
2025-09-25 20:54:25 | INFO | Called consume_messages_from_kafka() with:
2025-09-25 20:54:25 | INFO |    topic='buzzline'
2025-09-25 20:54:25 | INFO |    kafka_url='127.0.0.1:9092'
2025-09-25 20:54:25 | INFO |    group='buzz_group'
2025-09-25 20:54:25 | INFO |    sql_path=WindowsPath('C:/Projects/buzzline-05-pinkston/data/buzz.sqlite')
2025-09-25 20:54:25 | INFO |    interval_secs=5
2025-09-25 20:54:25 | INFO | Step 1. Verify Kafka Services.
2025-09-25 20:54:25 | INFO | Kafka broker address: localhost:9092
2025-09-25 20:54:25 | INFO | Kafka is ready. Brokers: {'throttle_time_ms': 0, 'brokers': [{'node_id': 1, 'host': 'localhost', 'port': 9092, 'rack': None}], 'cluster_id': 'hMNex-8bR3emkYlz6xmmZg', 'controller_id': 1}
2025-09-25 20:54:25 | INFO | Step 2. Create a Kafka consumer.
2025-09-25 20:54:25 | INFO | Kafka broker address: localhost:9092
2025-09-25 20:54:25 | INFO | Creating Kafka consumer. Topic='buzzline' and group ID='buzz_group'.
2025-09-25 20:54:25 | INFO | Kafka consumer created successfully.
2025-09-25 20:54:25 | INFO | Step 3. Verify topic exists.
2025-09-25 20:54:25 | INFO | Kafka broker address: localhost:9092
2025-09-25 20:54:25 | INFO | Kafka topic 'buzzline' is ready.
2025-09-25 20:54:25 | INFO | Step 4. Process messages.
2025-09-25 20:54:25 | ERROR | ERROR: Could not consume messages from Kafka: Invalid file descriptor: -1
2025-09-25 20:54:25 | ERROR | Unexpected error: Invalid file descriptor: -1
2025-09-25 20:54:25 | INFO | Consumer shutting down.
2025-09-25 20:54:28 | INFO | {'message': 'I just tried a movie! It was amazing.', 'author': 'Eve', 'timestamp': '2025-09-25 20:54:28', 'category': 'entertainment', 'sentiment': 0.7, 'keyword_mentioned': 'movie', 'message_length': 37}
2025-09-25 20:54:33 | INFO | {'message': 'I just saw a meme! It was weird.', 'author': 'Charlie', 'timestamp': '2025-09-25 20:54:33', 'category': 'humor', 'sentiment': 0.53, 'keyword_mentioned': 'meme', 'message_length': 32}
2025-09-25 20:54:38 | INFO | {'message': 'I just found travel! It was weird.', 'author': 'Charlie', 'timestamp': '2025-09-25 20:54:38', 'category': 'travel', 'sentiment': 0.39, 'keyword_mentioned': 'travel', 'message_length': 34}
2025-09-25 20:54:40 | WARNING | Producer interrupted by user.
2025-09-25 20:54:40 | INFO | Producer shutting down.
2025-09-25 20:55:39 | INFO | Logging to file: logs/project_log.log
2025-09-25 20:55:39 | INFO | Log sanitization enabled, personal info removed
2025-09-25 20:55:39 | INFO | Starting Producer to run continuously.
2025-09-25 20:55:39 | INFO | Use Ctrl+C to stop.
2025-09-25 20:55:39 | INFO | MESSAGE_INTERVAL_SECONDS: 5
2025-09-25 20:55:39 | INFO | BUZZ_TOPIC: buzzline
2025-09-25 20:55:39 | INFO | KAFKA_BROKER_ADDRESS: 127.0.0.1:9092
2025-09-25 20:55:39 | INFO | BASE_DATA_DIR: PROJECT_ROOT/data
2025-09-25 20:55:39 | INFO | LIVE_DATA_PATH: PROJECT_ROOT/data/project_live.json
2025-09-25 20:55:39 | INFO | BASE_DATA_DIR: PROJECT_ROOT/data
2025-09-25 20:55:39 | INFO | SQLITE_PATH: PROJECT_ROOT/data/buzz.sqlite
2025-09-25 20:55:39 | INFO | Deleted existing live data file.
2025-09-25 20:55:39 | INFO | Kafka broker address: localhost:9092
2025-09-25 20:55:39 | INFO | Kafka is ready. Brokers: {'throttle_time_ms': 0, 'brokers': [{'node_id': 1, 'host': 'localhost', 'port': 9092, 'rack': None}], 'cluster_id': 'hMNex-8bR3emkYlz6xmmZg', 'controller_id': 1}
2025-09-25 20:55:41 | WARNING | WARNING: Kafka setup failed: NoBrokersAvailable
2025-09-25 20:55:41 | INFO | {'message': 'I just loved recipe! It was boring.', 'author': 'Eve', 'timestamp': '2025-09-25 20:55:41', 'category': 'food', 'sentiment': 0.48, 'keyword_mentioned': 'recipe', 'message_length': 35}
2025-09-25 20:55:46 | INFO | {'message': 'I just found a meme! It was boring.', 'author': 'Alice', 'timestamp': '2025-09-25 20:55:46', 'category': 'humor', 'sentiment': 0.31, 'keyword_mentioned': 'meme', 'message_length': 35}
2025-09-25 20:55:50 | INFO | Logging to file: logs/project_log.log
2025-09-25 20:55:50 | INFO | Log sanitization enabled, personal info removed
2025-09-25 20:55:50 | INFO | Starting Consumer to run continuously.
2025-09-25 20:55:50 | INFO | Things can fail or get interrupted, so use a try block.
2025-09-25 20:55:50 | INFO | Moved .env variables into a utils config module.
2025-09-25 20:55:50 | INFO | STEP 1. Read environment variables using new config functions.
2025-09-25 20:55:50 | INFO | BUZZ_TOPIC: buzzline
2025-09-25 20:55:50 | INFO | KAFKA_BROKER_ADDRESS: 127.0.0.1:9092
2025-09-25 20:55:50 | INFO | BUZZ_CONSUMER_GROUP_ID: buzz_group
2025-09-25 20:55:50 | INFO | MESSAGE_INTERVAL_SECONDS: 5
2025-09-25 20:55:50 | INFO | BASE_DATA_DIR: PROJECT_ROOT/data
2025-09-25 20:55:50 | INFO | SQLITE_PATH: PROJECT_ROOT/data/buzz.sqlite
2025-09-25 20:55:50 | INFO | SUCCESS: Read environment variables.
2025-09-25 20:55:50 | INFO | STEP 2. Delete any prior database file for a fresh start.
2025-09-25 20:55:50 | INFO | SUCCESS: Deleted database file.
2025-09-25 20:55:50 | INFO | STEP 3. Initialize a new database with an empty table.
2025-09-25 20:55:50 | INFO | Calling SQLite init_db() with {db_path=}.
2025-09-25 20:55:50 | INFO | SUCCESS: Got a cursor to execute SQL.
2025-09-25 20:55:50 | INFO | SUCCESS: Database initialized and table ready at PROJECT_ROOT/data/buzz.sqlite.
2025-09-25 20:55:50 | INFO | STEP 4. Begin consuming and storing messages.
2025-09-25 20:55:50 | INFO | Called consume_messages_from_kafka() with:
2025-09-25 20:55:50 | INFO |    topic='buzzline'
2025-09-25 20:55:50 | INFO |    kafka_url='127.0.0.1:9092'
2025-09-25 20:55:50 | INFO |    group='buzz_group'
2025-09-25 20:55:50 | INFO |    sql_path=WindowsPath('C:/Projects/buzzline-05-pinkston/data/buzz.sqlite')
2025-09-25 20:55:50 | INFO |    interval_secs=5
2025-09-25 20:55:50 | INFO | Step 1. Verify Kafka Services.
2025-09-25 20:55:50 | INFO | Kafka broker address: localhost:9092
2025-09-25 20:55:50 | INFO | Kafka is ready. Brokers: {'throttle_time_ms': 0, 'brokers': [{'node_id': 1, 'host': 'localhost', 'port': 9092, 'rack': None}], 'cluster_id': 'hMNex-8bR3emkYlz6xmmZg', 'controller_id': 1}
2025-09-25 20:55:50 | INFO | Step 2. Create a Kafka consumer.
2025-09-25 20:55:50 | INFO | Kafka broker address: localhost:9092
2025-09-25 20:55:50 | INFO | Creating Kafka consumer. Topic='buzzline' and group ID='buzz_group'.
2025-09-25 20:55:50 | INFO | Kafka consumer created successfully.
2025-09-25 20:55:50 | INFO | Step 3. Verify topic exists.
2025-09-25 20:55:50 | INFO | Kafka broker address: localhost:9092
2025-09-25 20:55:50 | INFO | Kafka topic 'buzzline' is ready.
2025-09-25 20:55:50 | INFO | Step 4. Process messages.
2025-09-25 20:55:51 | INFO | {'message': 'I just found game! It was boring.', 'author': 'Eve', 'timestamp': '2025-09-25 20:55:51', 'category': 'gaming', 'sentiment': 0.02, 'keyword_mentioned': 'game', 'message_length': 33}
2025-09-25 20:55:56 | INFO | {'message': 'I just found Python! It was boring.', 'author': 'Eve', 'timestamp': '2025-09-25 20:55:56', 'category': 'tech', 'sentiment': 0.26, 'keyword_mentioned': 'Python', 'message_length': 35}
2025-09-25 20:56:00 | WARNING | Consumer interrupted by user.
2025-09-25 20:56:00 | INFO | Consumer shutting down.
2025-09-25 20:56:01 | INFO | {'message': 'I just found a movie! It was amazing.', 'author': 'Charlie', 'timestamp': '2025-09-25 20:56:01', 'category': 'entertainment', 'sentiment': 0.14, 'keyword_mentioned': 'movie', 'message_length': 37}
2025-09-25 20:56:06 | INFO | Logging to file: logs/project_log.log
2025-09-25 20:56:06 | INFO | Log sanitization enabled, personal info removed
2025-09-25 20:56:06 | INFO | Starting db testing.
2025-09-25 20:56:06 | INFO | BASE_DATA_DIR: PROJECT_ROOT/data
2025-09-25 20:56:06 | INFO | Calling SQLite init_db() with {db_path=}.
2025-09-25 20:56:06 | INFO | SUCCESS: Got a cursor to execute SQL.
2025-09-25 20:56:06 | INFO | SUCCESS: Database initialized and table ready at PROJECT_ROOT/data/test_buzz.sqlite.
2025-09-25 20:56:06 | INFO | Initialized database file at PROJECT_ROOT/data/test_buzz.sqlite.
2025-09-25 20:56:06 | INFO | Calling SQLite insert_message() with:
2025-09-25 20:56:06 | INFO | message={'message': 'I just shared a meme! It was amazing.', 'author': 'Charlie', 'timestamp': '2025-01-29 14:35:20', 'category': 'humor', 'sentiment': 0.87, 'keyword_mentioned': 'meme', 'message_length': 42}
2025-09-25 20:56:06 | INFO | db_path=WindowsPath('C:/Projects/buzzline-05-pinkston/data/test_buzz.sqlite')
2025-09-25 20:56:06 | INFO | Inserted one message into the database.
2025-09-25 20:56:06 | INFO | Deleted message with id 1 from the database.
2025-09-25 20:56:06 | INFO | Finished testing.
2025-09-25 20:56:06 | INFO | {'message': 'I just shared an app! It was exciting.', 'author': 'Charlie', 'timestamp': '2025-09-25 20:56:06', 'category': 'other', 'sentiment': 0.8, 'keyword_mentioned': 'other', 'message_length': 38}
